1:M 18 Mar 2026 15:54:50.041 * oO0OoO0OoO0Oo Valkey is starting oO0OoO0OoO0Oo
1:M 18 Mar 2026 15:54:50.041 * Valkey version=8.1.6, bits=64, commit=00000000, modified=0, pid=1, just started
1:M 18 Mar 2026 15:54:50.041 # Warning: no config file specified, using the default config. In order to specify a config file use valkey-server /path/to/valkey.conf
1:M 18 Mar 2026 15:54:50.041 * Increased maximum number of open files to 10032 (it was originally set to 1024).
1:M 18 Mar 2026 15:54:50.041 * monotonic clock: POSIX clock_gettime
1:M 18 Mar 2026 15:54:50.042 * Running mode=standalone, port=6379.
1:M 18 Mar 2026 15:54:50.042 * Server initialized
1:M 18 Mar 2026 15:54:50.042 * Ready to accept connections tcp
1:M 18 Mar 2026 17:44:04.586 * 1 changes in 3600 seconds. Saving...
1:M 18 Mar 2026 17:44:04.586 * Background saving started by pid 10
10:C 18 Mar 2026 17:44:04.587 * DB saved on disk
10:C 18 Mar 2026 17:44:04.588 * Fork CoW for RDB: current 0 MB, peak 0 MB, average 0 MB
1:M 18 Mar 2026 17:44:04.687 * Background saving terminated with success
1:M 18 Mar 2026 18:44:05.071 * 1 changes in 3600 seconds. Saving...
1:M 18 Mar 2026 18:44:05.072 * Background saving started by pid 11
11:C 18 Mar 2026 18:44:05.072 * DB saved on disk
11:C 18 Mar 2026 18:44:05.073 * Fork CoW for RDB: current 0 MB, peak 0 MB, average 0 MB
1:M 18 Mar 2026 18:44:05.172 * Background saving terminated with success
1:M 18 Mar 2026 19:44:33.132 * 1 changes in 3600 seconds. Saving...
1:M 18 Mar 2026 19:44:33.133 * Background saving started by pid 12
12:C 18 Mar 2026 19:44:33.135 * DB saved on disk
12:C 18 Mar 2026 19:44:33.135 * Fork CoW for RDB: current 0 MB, peak 0 MB, average 0 MB
1:M 18 Mar 2026 19:44:33.233 * Background saving terminated with success
1:M 18 Mar 2026 20:18:54.334 * 100 changes in 300 seconds. Saving...
1:M 18 Mar 2026 20:18:54.334 * Background saving started by pid 21
21:C 18 Mar 2026 20:18:54.336 * DB saved on disk
21:C 18 Mar 2026 20:18:54.337 * Fork CoW for RDB: current 0 MB, peak 0 MB, average 0 MB
1:M 18 Mar 2026 20:18:54.435 * Background saving terminated with success
1:M 18 Mar 2026 20:23:55.065 * 100 changes in 300 seconds. Saving...
1:M 18 Mar 2026 20:23:55.065 * Background saving started by pid 31
31:C 18 Mar 2026 20:23:55.067 * DB saved on disk
31:C 18 Mar 2026 20:23:55.067 * Fork CoW for RDB: current 0 MB, peak 0 MB, average 0 MB
1:M 18 Mar 2026 20:23:55.166 * Background saving terminated with success
1:M 18 Mar 2026 21:23:56.059 * 1 changes in 3600 seconds. Saving...
1:M 18 Mar 2026 21:23:56.059 * Background saving started by pid 32
32:C 18 Mar 2026 21:23:56.060 * DB saved on disk
32:C 18 Mar 2026 21:23:56.061 * Fork CoW for RDB: current 0 MB, peak 0 MB, average 0 MB
1:M 18 Mar 2026 21:23:56.159 * Background saving terminated with success
