[1] 2026/03/18 15:54:54.369691 [INF] Starting nats-server
[1] 2026/03/18 15:54:54.369810 [INF]   Version:  2.10.29
[1] 2026/03/18 15:54:54.369813 [INF]   Git:      [f91ddd8]
[1] 2026/03/18 15:54:54.369816 [INF]   Name:     NDBZFCOCPVH5GUJBZC4MT5YRB3STREIKP3HP3ARLKESQHN2EDT4YOAEO
[1] 2026/03/18 15:54:54.369822 [INF]   Node:     7it7rp9A
[1] 2026/03/18 15:54:54.369824 [INF]   ID:       NDBZFCOCPVH5GUJBZC4MT5YRB3STREIKP3HP3ARLKESQHN2EDT4YOAEO
[1] 2026/03/18 15:54:54.370119 [INF] Starting JetStream
[1] 2026/03/18 15:54:54.370130 [WRN] Temporary storage directory used, data could be lost on system reboot
[1] 2026/03/18 15:54:54.370549 [INF]     _ ___ _____ ___ _____ ___ ___   _   __  __
[1] 2026/03/18 15:54:54.370553 [INF]  _ | | __|_   _/ __|_   _| _ \ __| /_\ |  \/  |
[1] 2026/03/18 15:54:54.370555 [INF] | || | _|  | | \__ \ | | |   / _| / _ \| |\/| |
[1] 2026/03/18 15:54:54.370557 [INF]  \__/|___| |_| |___/ |_| |_|_\___/_/ \_\_|  |_|
[1] 2026/03/18 15:54:54.370558 [INF] 
[1] 2026/03/18 15:54:54.370559 [INF]          https://docs.nats.io/jetstream
[1] 2026/03/18 15:54:54.370560 [INF] 
[1] 2026/03/18 15:54:54.370561 [INF] ---------------- JETSTREAM ----------------
[1] 2026/03/18 15:54:54.370565 [INF]   Max Memory:      377.65 GB
[1] 2026/03/18 15:54:54.370567 [INF]   Max Storage:     133.28 GB
[1] 2026/03/18 15:54:54.370569 [INF]   Store Directory: "/tmp/nats/jetstream"
[1] 2026/03/18 15:54:54.370571 [INF] -------------------------------------------
[1] 2026/03/18 15:54:54.372137 [INF] Listening for client connections on 0.0.0.0:4222
[1] 2026/03/18 15:54:54.372437 [INF] Server is ready
