[1] 2026/03/19 16:29:35.574598 [INF] Starting nats-server
[1] 2026/03/19 16:29:35.574702 [INF]   Version:  2.10.29
[1] 2026/03/19 16:29:35.574705 [INF]   Git:      [f91ddd8]
[1] 2026/03/19 16:29:35.574708 [INF]   Name:     NCVNNL6XYVIBHT3SHL35W6OJMP73G3GI5QMLT7KDQ3PP6SWGMLDNN5VN
[1] 2026/03/19 16:29:35.574712 [INF]   Node:     I9tlLxfl
[1] 2026/03/19 16:29:35.574714 [INF]   ID:       NCVNNL6XYVIBHT3SHL35W6OJMP73G3GI5QMLT7KDQ3PP6SWGMLDNN5VN
[1] 2026/03/19 16:29:35.575547 [INF] Starting JetStream
[1] 2026/03/19 16:29:35.575564 [WRN] Temporary storage directory used, data could be lost on system reboot
[1] 2026/03/19 16:29:35.575893 [INF]     _ ___ _____ ___ _____ ___ ___   _   __  __
[1] 2026/03/19 16:29:35.575897 [INF]  _ | | __|_   _/ __|_   _| _ \ __| /_\ |  \/  |
[1] 2026/03/19 16:29:35.575899 [INF] | || | _|  | | \__ \ | | |   / _| / _ \| |\/| |
[1] 2026/03/19 16:29:35.575901 [INF]  \__/|___| |_| |___/ |_| |_|_\___/_/ \_\_|  |_|
[1] 2026/03/19 16:29:35.575902 [INF] 
[1] 2026/03/19 16:29:35.575904 [INF]          https://docs.nats.io/jetstream
[1] 2026/03/19 16:29:35.575905 [INF] 
[1] 2026/03/19 16:29:35.575906 [INF] ---------------- JETSTREAM ----------------
[1] 2026/03/19 16:29:35.575910 [INF]   Max Memory:      377.65 GB
[1] 2026/03/19 16:29:35.575912 [INF]   Max Storage:     129.20 GB
[1] 2026/03/19 16:29:35.575914 [INF]   Store Directory: "/tmp/nats/jetstream"
[1] 2026/03/19 16:29:35.575915 [INF] -------------------------------------------
[1] 2026/03/19 16:29:35.576378 [INF] Listening for client connections on 0.0.0.0:4222
[1] 2026/03/19 16:29:35.576513 [INF] Server is ready
