1:M 19 Mar 2026 16:29:41.273 * oO0OoO0OoO0Oo Valkey is starting oO0OoO0OoO0Oo
1:M 19 Mar 2026 16:29:41.273 * Valkey version=8.1.6, bits=64, commit=00000000, modified=0, pid=1, just started
1:M 19 Mar 2026 16:29:41.273 # Warning: no config file specified, using the default config. In order to specify a config file use valkey-server /path/to/valkey.conf
1:M 19 Mar 2026 16:29:41.273 * Increased maximum number of open files to 10032 (it was originally set to 1024).
1:M 19 Mar 2026 16:29:41.273 * monotonic clock: POSIX clock_gettime
1:M 19 Mar 2026 16:29:41.273 * Running mode=standalone, port=6379.
1:M 19 Mar 2026 16:29:41.273 * Server initialized
1:M 19 Mar 2026 16:29:41.273 * Ready to accept connections tcp
1:M 19 Mar 2026 20:46:02.916 * 1 changes in 3600 seconds. Saving...
1:M 19 Mar 2026 20:46:02.916 * Background saving started by pid 11
11:C 19 Mar 2026 20:46:02.917 * DB saved on disk
11:C 19 Mar 2026 20:46:02.917 * Fork CoW for RDB: current 0 MB, peak 0 MB, average 0 MB
1:M 19 Mar 2026 20:46:03.017 * Background saving terminated with success
1:M 19 Mar 2026 21:14:22.819 * 100 changes in 300 seconds. Saving...
1:M 19 Mar 2026 21:14:22.820 * Background saving started by pid 13
13:C 19 Mar 2026 21:14:22.821 * DB saved on disk
13:C 19 Mar 2026 21:14:22.821 * Fork CoW for RDB: current 0 MB, peak 0 MB, average 0 MB
1:M 19 Mar 2026 21:14:22.920 * Background saving terminated with success
1:M 19 Mar 2026 21:19:23.030 * 100 changes in 300 seconds. Saving...
1:M 19 Mar 2026 21:19:23.031 * Background saving started by pid 16
16:C 19 Mar 2026 21:19:23.032 * DB saved on disk
16:C 19 Mar 2026 21:19:23.033 * Fork CoW for RDB: current 0 MB, peak 0 MB, average 0 MB
1:M 19 Mar 2026 21:19:23.131 * Background saving terminated with success
1:M 19 Mar 2026 21:24:24.045 * 100 changes in 300 seconds. Saving...
1:M 19 Mar 2026 21:24:24.045 * Background saving started by pid 20
20:C 19 Mar 2026 21:24:24.046 * DB saved on disk
20:C 19 Mar 2026 21:24:24.047 * Fork CoW for RDB: current 0 MB, peak 0 MB, average 0 MB
1:M 19 Mar 2026 21:24:24.145 * Background saving terminated with success
1:M 19 Mar 2026 21:59:41.783 * 100 changes in 300 seconds. Saving...
1:M 19 Mar 2026 21:59:41.784 * Background saving started by pid 23
23:C 19 Mar 2026 21:59:41.786 * DB saved on disk
23:C 19 Mar 2026 21:59:41.786 * Fork CoW for RDB: current 0 MB, peak 0 MB, average 0 MB
1:M 19 Mar 2026 21:59:41.884 * Background saving terminated with success
1:M 19 Mar 2026 22:04:42.076 * 100 changes in 300 seconds. Saving...
1:M 19 Mar 2026 22:04:42.077 * Background saving started by pid 26
26:C 19 Mar 2026 22:04:42.079 * DB saved on disk
26:C 19 Mar 2026 22:04:42.079 * Fork CoW for RDB: current 0 MB, peak 0 MB, average 0 MB
1:M 19 Mar 2026 22:04:42.177 * Background saving terminated with success
1:M 19 Mar 2026 22:19:23.432 * 100 changes in 300 seconds. Saving...
1:M 19 Mar 2026 22:19:23.432 * Background saving started by pid 29
29:C 19 Mar 2026 22:19:23.433 * DB saved on disk
29:C 19 Mar 2026 22:19:23.434 * Fork CoW for RDB: current 0 MB, peak 0 MB, average 0 MB
1:M 19 Mar 2026 22:19:23.532 * Background saving terminated with success
1:M 19 Mar 2026 22:24:24.041 * 100 changes in 300 seconds. Saving...
1:M 19 Mar 2026 22:24:24.042 * Background saving started by pid 34
34:C 19 Mar 2026 22:24:24.043 * DB saved on disk
34:C 19 Mar 2026 22:24:24.044 * Fork CoW for RDB: current 0 MB, peak 0 MB, average 0 MB
1:M 19 Mar 2026 22:24:24.142 * Background saving terminated with success
